<?xml version="1.0" encoding="UTF-8"?>
<testng-results skipped="0" failed="0" total="1" passed="1">
  <reporter-output>
  </reporter-output>
  <suite name="Default suite" duration-ms="12292" started-at="2015-07-30T06:34:19Z" finished-at="2015-07-30T06:34:31Z">
    <groups>
    </groups>
    <test name="Default test" duration-ms="12292" started-at="2015-07-30T06:34:19Z" finished-at="2015-07-30T06:34:31Z">
      <class name="day23.POMControl">
        <test-method status="PASS" signature="pomTest()[pri:0, instance:day23.POMControl@3275323c]" name="pomTest" duration-ms="12273" started-at="2015-07-29T23:34:19Z" finished-at="2015-07-29T23:34:31Z">
          <reporter-output>
          </reporter-output>
        </test-method> <!-- pomTest -->
      </class> <!-- day23.POMControl -->
    </test> <!-- Default test -->
  </suite> <!-- Default suite -->
</testng-results>
